<?xml version="1.0" encoding="UTF-8"?>
<testng-results skipped="0" failed="0" total="1" passed="1">
  <reporter-output>
  </reporter-output>
  <suite name="Default suite" duration-ms="3906" started-at="2019-05-27T05:34:50Z" finished-at="2019-05-27T05:34:54Z">
    <groups>
    </groups>
    <test name="Default test" duration-ms="3906" started-at="2019-05-27T05:34:50Z" finished-at="2019-05-27T05:34:54Z">
      <class name="GetCall">
        <test-method status="PASS" signature="test_No_of_circuits()[pri:0, instance:GetCall@402f32ff]" name="test_No_of_circuits" duration-ms="3880" started-at="2019-05-27T11:04:50Z" finished-at="2019-05-27T11:04:54Z">
          <reporter-output>
          </reporter-output>
        </test-method> <!-- test_No_of_circuits -->
      </class> <!-- GetCall -->
    </test> <!-- Default test -->
  </suite> <!-- Default suite -->
</testng-results>
